<?xml version="1.0" encoding="UTF-8"?>
<!-- Generated by org.testng.reporters.JUnitReportReporter -->
<testsuite hostname="Shizi" failures="0" tests="1" name="com.poly.selenium.TestWebDriver" time="3.827" errors="0" timestamp="2023-03-19T15:30:14 ICT" skipped="0">
  <testcase classname="com.poly.selenium.TestWebDriver" name="webDriver" time="3.827"/>
  <system-out/>
</testsuite> <!-- com.poly.selenium.TestWebDriver -->
