<?xml version="1.0" encoding="UTF-8"?>
<!-- Generated by org.testng.reporters.JUnitReportReporter -->
<testsuite hostname="Shizi" failures="0" tests="1" name="com.poly.selenium.TestWebDriverTest" time="0.599" errors="0" timestamp="2023-03-20T09:59:13 ICT" skipped="0">
  <testcase classname="com.poly.selenium.TestWebDriverTest" name="webDriverTest" time="0.599"/>
  <system-out/>
</testsuite> <!-- com.poly.selenium.TestWebDriverTest -->
