<?xml version="1.0" encoding="UTF-8"?>
<!-- Generated by org.testng.reporters.JUnitReportReporter -->
<testsuite hostname="Shizi" failures="0" tests="3" name="com.poly.testcase.SignUpTest" time="4.430" errors="0" timestamp="2023-03-22T08:42:45 ICT" skipped="0">
  <testcase classname="com.poly.testcase.SignUpTest" name="signupWithExistsUsername" time="1.610"/>
  <system-out/>
  <testcase classname="com.poly.testcase.SignUpTest" name="signupWhenConfirmPasswordFaile" time="1.402"/>
  <system-out/>
  <testcase classname="com.poly.testcase.SignUpTest" name="signup" time="1.418"/>
  <system-out/>
</testsuite> <!-- com.poly.testcase.SignUpTest -->
